#
# There is insufficient memory for the Java Runtime Environment to continue.
# Native memory allocation (mmap) failed to map 125829120 bytes. Error detail: G1 virtual space
# Possible reasons:
#   The system is out of physical RAM or swap space
#   This process is running with CompressedOops enabled, and the Java Heap may be blocking the growth of the native heap
# Possible solutions:
#   Reduce memory load on the system
#   Increase physical memory or swap space
#   Check if swap backing store is full
#   Decrease Java heap size (-Xmx/-Xms)
#   Decrease number of Java threads
#   Decrease Java thread stack sizes (-Xss)
#   Set larger code cache with -XX:ReservedCodeCacheSize=
#   JVM is running with Unscaled Compressed Oops mode in which the Java heap is
#     placed in the first 4GB address space. The Java Heap base address is the
#     maximum limit for the native heap growth. Please use -XX:HeapBaseMinAddress
#     to set the Java Heap base and to place the Java Heap above 4GB virtual address.
# This output file may be truncated or incomplete.
#
#  Out of Memory Error (os_windows.cpp:3707), pid=12124, tid=26336
#
# JRE version:  (23.0.2+7) (build )
# Java VM: Java HotSpot(TM) 64-Bit Server VM (23.0.2+7-58, mixed mode, sharing, tiered, compressed oops, compressed class ptrs, g1 gc, windows-amd64)
# No core dump will be written. Minidumps are not enabled by default on client versions of Windows
#

---------------  S U M M A R Y ------------

Command Line: CadastrarCamisa

Host: AMD Ryzen 5 5600U with Radeon Graphics         , 12 cores, 7G,  Windows 11 , 64 bit Build 22621 (10.0.22621.4391)
Time: Fri Feb  7 03:33:02 2025 Hora oficial do Brasil elapsed time: 0.015015 seconds (0d 0h 0m 0s)

---------------  T H R E A D  ---------------

Current thread (0x0000027c0ca4fed0):  JavaThread "Unknown thread" [_thread_in_vm, id=26336, stack(0x000000d3b6800000,0x000000d3b6900000) (1024K)]

Stack: [0x000000d3b6800000,0x000000d3b6900000]
Native frames: (J=compiled Java code, j=interpreted, Vv=VM code, C=native code)
V  [jvm.dll+0x6e0b99]  (no source info available)
V  [jvm.dll+0x87e2b3]  (no source info available)
V  [jvm.dll+0x88073e]  (no source info available)
V  [jvm.dll+0x880e13]  (no source info available)
V  [jvm.dll+0x27b006]  (no source info available)
V  [jvm.dll+0x6dd485]  (no source info available)
V  [jvm.dll+0x6d127a]  (no source info available)
V  [jvm.dll+0x35b50a]  (no source info available)
V  [jvm.dll+0x363916]  (no source info available)
V  [jvm.dll+0x34fe7e]  (no source info available)
V  [jvm.dll+0x350118]  (no source info available)
V  [jvm.dll+0x328aec]  (no source info available)
V  [jvm.dll+0x32978e]  (no source info available)
V  [jvm.dll+0x8449a5]  (no source info available)
V  [jvm.dll+0x3b9a08]  (no source info available)
V  [jvm.dll+0x82d68c]  (no source info available)
V  [jvm.dll+0x454f2e]  (no source info available)
V  [jvm.dll+0x456db1]  (no source info available)
C  [jli.dll+0x52a3]  (no source info available)
C  [ucrtbase.dll+0x29333]  (no source info available)
C  [KERNEL32.DLL+0x1259d]  (no source info available)
C  [ntdll.dll+0x5af38]  (no source info available)

Lock stack of current Java thread (top to bottom):


---------------  P R O C E S S  ---------------

Threads class SMR info:
_java_thread_list=0x00007ffbffac4618, length=0, elements={
}

Java Threads: ( => current thread )
Total: 0

Other Threads:
  0x0000027c0edc06b0 WorkerThread "GC Thread#0"                     [id=25148, stack(0x000000d3b6900000,0x000000d3b6a00000) (1024K)]
  0x0000027c0edd4000 ConcurrentGCThread "G1 Main Marker"            [id=8908, stack(0x000000d3b6a00000,0x000000d3b6b00000) (1024K)]
  0x0000027c0edd51c0 WorkerThread "G1 Conc#0"                       [id=27324, stack(0x000000d3b6b00000,0x000000d3b6c00000) (1024K)]

[error occurred during error reporting (printing all threads), id 0xc0000005, EXCEPTION_ACCESS_VIOLATION (0xc0000005) at pc=0x00007ffbff20c0da]
VM state: not at safepoint (not fully initialized)

VM Mutex/Monitor currently owned by a thread:  ([mutex/lock_event])
[0x00007ffbffb44988] Heap_lock - owner thread: 0x0000027c0ca4fed0

Heap address: 0x0000000089800000, size: 1896 MB, Compressed Oops mode: 32-bit

CDS archive(s) mapped at: [0x0000000000000000-0x0000000000000000-0x0000000000000000), size 0, SharedBaseAddress: 0x0000000800000000, ArchiveRelocationMode: 1.
Narrow klass base: 0x0000000000000000, Narrow klass shift: 0, Narrow klass range: 0x0

GC Precious Log:
 CardTable entry size: 512
 Card Set container configuration: InlinePtr #cards 5 size 8 Array Of Cards #cards 10 size 36 Howl #buckets 4 coarsen threshold 1843 Howl Bitmap #cards 512 size 80 coarsen threshold 460 Card regions per heap region 1 cards per card region 2048

Heap:
 garbage-first heap   total reserved 1941504K, committed 0K, used 0K [0x0000000089800000, 0x0000000100000000)
  region size 1024K, 0 young (0K), 0 survivors (0K)

[error occurred during error reporting (printing heap information), id 0xc0000005, EXCEPTION_ACCESS_VIOLATION (0xc0000005) at pc=0x00007ffbff60c6a9]
GC Heap History (0 events):
No events

Dll operation events (1 events):
Event: 0.011 Loaded shared library C:\Program Files\Java\jdk-23\bin\java.dll

Deoptimization events (0 events):
No events

Classes loaded (0 events):
No events

Classes unloaded (0 events):
No events

Classes redefined (0 events):
No events

Internal exceptions (0 events):
No events

VM Operations (0 events):
No events

Memory protections (0 events):
No events

Nmethod flushes (0 events):
No events

Events (0 events):
No events


Dynamic libraries:
0x00007ff673210000 - 0x00007ff673220000 	C:\Program Files\Java\jdk-23\bin\java.exe
0x00007ffc9d930000 - 0x00007ffc9db47000 	C:\Windows\SYSTEM32\ntdll.dll
0x00007ffc9d0c0000 - 0x00007ffc9d184000 	C:\Windows\System32\KERNEL32.DLL
0x00007ffc9abf0000 - 0x00007ffc9afaa000 	C:\Windows\System32\KERNELBASE.dll
0x00007ffc9b390000 - 0x00007ffc9b4a1000 	C:\Windows\System32\ucrtbase.dll
0x00007ffc5e110000 - 0x00007ffc5e127000 	C:\Program Files\Java\jdk-23\bin\jli.dll
0x00007ffc947c0000 - 0x00007ffc947db000 	C:\Program Files\Java\jdk-23\bin\VCRUNTIME140.dll
0x00007ffc9cf10000 - 0x00007ffc9d0be000 	C:\Windows\System32\USER32.dll
0x00007ffc9b570000 - 0x00007ffc9b596000 	C:\Windows\System32\win32u.dll
0x00007ffc81e50000 - 0x00007ffc820e2000 	C:\Windows\WinSxS\amd64_microsoft.windows.common-controls_6595b64144ccf1df_6.0.22621.4541_none_2710d1c57384c085\COMCTL32.dll
0x00007ffc9c560000 - 0x00007ffc9c607000 	C:\Windows\System32\msvcrt.dll
0x00007ffc9c1c0000 - 0x00007ffc9c1e9000 	C:\Windows\System32\GDI32.dll
0x00007ffc9b060000 - 0x00007ffc9b17b000 	C:\Windows\System32\gdi32full.dll
0x00007ffc9b180000 - 0x00007ffc9b21a000 	C:\Windows\System32\msvcp_win.dll
0x00007ffc9ce50000 - 0x00007ffc9ce81000 	C:\Windows\System32\IMM32.DLL
0x00007ffc97a90000 - 0x00007ffc97a9c000 	C:\Program Files\Java\jdk-23\bin\vcruntime140_1.dll
0x00007ffc7e000000 - 0x00007ffc7e08e000 	C:\Program Files\Java\jdk-23\bin\msvcp140.dll
0x00007ffbfeed0000 - 0x00007ffbffc20000 	C:\Program Files\Java\jdk-23\bin\server\jvm.dll
0x00007ffc9c930000 - 0x00007ffc9c9e2000 	C:\Windows\System32\ADVAPI32.dll
0x00007ffc9d840000 - 0x00007ffc9d8e7000 	C:\Windows\System32\sechost.dll
0x00007ffc9afb0000 - 0x00007ffc9afd8000 	C:\Windows\System32\bcrypt.dll
0x00007ffc9d720000 - 0x00007ffc9d834000 	C:\Windows\System32\RPCRT4.dll
0x00007ffc9c3b0000 - 0x00007ffc9c421000 	C:\Windows\System32\WS2_32.dll
0x00007ffc9aac0000 - 0x00007ffc9ab0d000 	C:\Windows\SYSTEM32\POWRPROF.dll
0x00007ffc92b50000 - 0x00007ffc92b84000 	C:\Windows\SYSTEM32\WINMM.dll
0x00007ffc8eec0000 - 0x00007ffc8eeca000 	C:\Windows\SYSTEM32\VERSION.dll
0x00007ffc9aaa0000 - 0x00007ffc9aab3000 	C:\Windows\SYSTEM32\UMPDC.dll
0x00007ffc99b90000 - 0x00007ffc99ba8000 	C:\Windows\SYSTEM32\kernel.appcore.dll
0x00007ffc947b0000 - 0x00007ffc947ba000 	C:\Program Files\Java\jdk-23\bin\jimage.dll
0x00007ffc98710000 - 0x00007ffc98942000 	C:\Windows\SYSTEM32\DBGHELP.DLL
0x00007ffc9ca80000 - 0x00007ffc9ce11000 	C:\Windows\System32\combase.dll
0x00007ffc9c480000 - 0x00007ffc9c557000 	C:\Windows\System32\OLEAUT32.dll
0x00007ffc82f10000 - 0x00007ffc82f42000 	C:\Windows\SYSTEM32\dbgcore.DLL
0x00007ffc9afe0000 - 0x00007ffc9b05b000 	C:\Windows\System32\bcryptPrimitives.dll
0x00007ffc92740000 - 0x00007ffc9275e000 	C:\Program Files\Java\jdk-23\bin\java.dll
0x00007ffc9c780000 - 0x00007ffc9c925000 	C:\Windows\System32\ole32.dll
0x00007ffc9b7d0000 - 0x00007ffc9c049000 	C:\Windows\System32\SHELL32.dll

dbghelp: loaded successfully - version: 4.0.5 - missing functions: none
symbol engine: initialized successfully - sym options: 0x614 - pdb path: .;C:\Program Files\Java\jdk-23\bin;C:\Windows\SYSTEM32;C:\Windows\WinSxS\amd64_microsoft.windows.common-controls_6595b64144ccf1df_6.0.22621.4541_none_2710d1c57384c085;C:\Program Files\Java\jdk-23\bin\server

VM Arguments:
java_command: CadastrarCamisa
java_class_path (initial): C:\Users\rafae\OneDrive\Área de Trabalho\UTFPR\POO\Entrega final\05-02-2025\ProjetoJavaNetBeans\target\classes
Launcher Type: SUN_STANDARD

[Global flags]
     intx CICompilerCount                          = 4                                         {product} {ergonomic}
     uint ConcGCThreads                            = 3                                         {product} {ergonomic}
     uint G1ConcRefinementThreads                  = 10                                        {product} {ergonomic}
   size_t G1HeapRegionSize                         = 1048576                                   {product} {ergonomic}
   size_t InitialHeapSize                          = 125829120                                 {product} {ergonomic}
   size_t MarkStackSize                            = 4194304                                   {product} {ergonomic}
   size_t MarkStackSizeMax                         = 536870912                                 {product} {ergonomic}
   size_t MaxHeapSize                              = 1988100096                                {product} {ergonomic}
   size_t MinHeapDeltaBytes                        = 1048576                                   {product} {ergonomic}
   size_t MinHeapSize                              = 8388608                                   {product} {ergonomic}
    uintx NonNMethodCodeHeapSize                   = 5832704                                {pd product} {ergonomic}
    uintx NonProfiledCodeHeapSize                  = 122945536                              {pd product} {ergonomic}
    uintx ProfiledCodeHeapSize                     = 122880000                              {pd product} {ergonomic}
    uintx ReservedCodeCacheSize                    = 251658240                              {pd product} {ergonomic}
     bool SegmentedCodeCache                       = true                                      {product} {ergonomic}
   size_t SoftMaxHeapSize                          = 1988100096                             {manageable} {ergonomic}
     bool UseCompressedOops                        = true                           {product lp64_product} {ergonomic}
     bool UseG1GC                                  = true                                      {product} {ergonomic}
     bool UseLargePagesIndividualAllocation        = false                                  {pd product} {ergonomic}

Logging:
Log output configuration:
 #0: stdout all=warning uptime,level,tags foldmultilines=false
 #1: stderr all=off uptime,level,tags foldmultilines=false

Environment Variables:
JAVA_HOME=C:\Program Files\Java\jdk-23
PATH=C:\Program Files\Common Files\Oracle\Java\javapath;C:\Program Files (x86)\Common Files\Oracle\Java\java8path;C:\Program Files (x86)\Common Files\Oracle\Java\javapath;C:\Windows\system32;C:\Windows;C:\Windows\System32\Wbem;C:\Windows\System32\WindowsPowerShell\v1.0\;C:\Windows\System32\OpenSSH\;C:\Program Files\nodejs\;C:\Program Files\Java\jdk-11\bin;C:\Program Files\Java\jre1.8.0_421\bin;C:\Program Files\Git\cmd;C:\Users\rafae\AppData\Local\Programs\Python\Launcher\;C:\Program Files\MySQL\MySQL Shell 8.0\bin\;C:\Users\rafae\AppData\Local\Microsoft\WindowsApps;C:\Users\rafae\AppData\Roaming\npm;C:\Users\rafae\AppData\Local\Programs\Microsoft VS Code\bin;C:\Users\rafae\AppData\Local\GitHubDesktop\bin
USERNAME=rafae
OS=Windows_NT
PROCESSOR_IDENTIFIER=AMD64 Family 25 Model 80 Stepping 0, AuthenticAMD
TMP=C:\Users\rafae\AppData\Local\Temp
TEMP=C:\Users\rafae\AppData\Local\Temp




Periodic native trim disabled

---------------  S Y S T E M  ---------------

OS:
 Windows 11 , 64 bit Build 22621 (10.0.22621.4391)
OS uptime: 2 days 10:32 hours
Hyper-V role detected

CPU: total 12 (initial active 12) (12 cores per cpu, 2 threads per core) family 25 model 80 stepping 0 microcode 0x0, cx8, cmov, fxsr, ht, mmx, 3dnowpref, sse, sse2, sse3, ssse3, sse4a, sse4.1, sse4.2, popcnt, lzcnt, tsc, tscinvbit, avx, avx2, aes, erms, clmul, bmi1, bmi2, adx, sha, fma, vzeroupper, clflush, clflushopt, hv, rdtscp, rdpid, fsrm, f16c, cet_ss
Processor Information for processor 0
  Max Mhz: 2301, Current Mhz: 1990, Mhz Limit: 2301
Processor Information for processor 1
  Max Mhz: 2301, Current Mhz: 1990, Mhz Limit: 2301
Processor Information for processor 2
  Max Mhz: 2301, Current Mhz: 1990, Mhz Limit: 2301
Processor Information for processor 3
  Max Mhz: 2301, Current Mhz: 2301, Mhz Limit: 2301
Processor Information for processor 4
  Max Mhz: 2301, Current Mhz: 2301, Mhz Limit: 2301
Processor Information for processor 5
  Max Mhz: 2301, Current Mhz: 2301, Mhz Limit: 2301
Processor Information for processor 6
  Max Mhz: 2301, Current Mhz: 2301, Mhz Limit: 2301
Processor Information for processor 7
  Max Mhz: 2301, Current Mhz: 2301, Mhz Limit: 2301
Processor Information for processor 8
  Max Mhz: 2301, Current Mhz: 2301, Mhz Limit: 2301
Processor Information for processor 9
  Max Mhz: 2301, Current Mhz: 1990, Mhz Limit: 2301
Processor Information for processor 10
  Max Mhz: 2301, Current Mhz: 2301, Mhz Limit: 2301
Processor Information for processor 11
  Max Mhz: 2301, Current Mhz: 2301, Mhz Limit: 2301

Memory: 4k page, system-wide physical 7580M (387M free)
TotalPageFile size 18799M (AvailPageFile size 101M)
current process WorkingSet (physical memory assigned to process): 12M, peak: 12M
current process commit charge ("private bytes"): 64M, peak: 184M

vm_info: Java HotSpot(TM) 64-Bit Server VM (23.0.2+7-58) for windows-amd64 JRE (23.0.2+7-58), built on 2024-11-29T09:34:55Z with MS VC++ 17.6 (VS2022)

END.
